<?xml version="1.0" encoding="UTF-8"?>
<!-- Generated by org.testng.reporters.JUnitReportReporter -->
<testsuite hostname="LAPTOP-21H9SGI4" failures="0" tests="1" name="ExtentReport.Program" time="7.844" errors="0" timestamp="2023-12-23T14:45:52 IST" skipped="0">
  <testcase classname="ExtentReport.Program" name="report" time="7.844"/>
  <system-out/>
</testsuite> <!-- ExtentReport.Program -->
